[10:19:39] [main/INFO]: Loading Minecraft 1.19.4 with Fabric Loader 0.14.19
[10:19:39] [main/INFO]: Loading 43 mods:
	- fabric-api 0.79.0+1.19.4
	   |-- fabric-api-base 0.4.24+9ff28bcef4
	   |-- fabric-api-lookup-api-v1 1.6.25+49abcf7ef4
	   |-- fabric-biome-api-v1 13.0.7+348a9c64f4
	   |-- fabric-block-api-v1 1.0.6+e022e5d1f4
	   |-- fabric-blockrenderlayer-v1 1.1.34+c2e6f674f4
	   |-- fabric-client-tags-api-v1 1.0.15+1134c5b8f4
	   |-- fabric-command-api-v1 1.2.27+f71b366ff4
	   |-- fabric-command-api-v2 2.2.6+e719b857f4
	   |-- fabric-commands-v0 0.2.44+df3654b3f4
	   |-- fabric-containers-v0 0.1.54+df3654b3f4
	   |-- fabric-content-registries-v0 3.5.9+ae0966baf4
	   |-- fabric-convention-tags-v1 1.4.1+9a7c5daaf4
	   |-- fabric-crash-report-info-v1 0.2.15+aeb40ebef4
	   |-- fabric-data-generation-api-v1 11.4.0+6cebf059f4
	   |-- fabric-dimensions-v1 2.1.45+7f87f8faf4
	   |-- fabric-entity-events-v1 1.5.13+e45f7c65f4
	   |-- fabric-events-interaction-v0 0.4.43+a1ccd7bff4
	   |-- fabric-events-lifecycle-v0 0.2.52+df3654b3f4
	   |-- fabric-game-rule-api-v1 1.0.33+a1ccd7bff4
	   |-- fabric-item-api-v1 2.1.17+09a3510cf4
	   |-- fabric-item-group-api-v1 3.0.5+043f9acff4
	   |-- fabric-key-binding-api-v1 1.0.33+c477957ef4
	   |-- fabric-keybindings-v0 0.2.31+df3654b3f4
	   |-- fabric-lifecycle-events-v1 2.2.15+5da15ca1f4
	   |-- fabric-loot-api-v2 1.1.27+75e98211f4
	   |-- fabric-loot-tables-v1 1.1.31+9e7660c6f4
	   |-- fabric-message-api-v1 5.1.1+1ee8be40f4
	   |-- fabric-mining-level-api-v1 2.1.39+49abcf7ef4
	   |-- fabric-models-v0 0.3.30+11ba9c3bf4
	   |-- fabric-networking-api-v1 1.3.1+a6f3ccfaf4
	   |-- fabric-networking-v0 0.3.41+df3654b3f4
	   |-- fabric-object-builder-api-v1 7.0.3+63b515f4f4
	   |-- fabric-particles-v1 1.0.23+f1e4495bf4
	   |-- fabric-recipe-api-v1 1.0.8+a1ccd7bff4
	   |-- fabric-registry-sync-v0 2.2.0+670e8ac6f4
	   |-- fabric-renderer-api-v1 2.2.5+81e8c576f4
	   |-- fabric-renderer-indigo 1.1.1+81e8c576f4
	   |-- fabric-renderer-registries-v1 3.2.38+df3654b3f4
	   |-- fabric-rendering-data-attachment-v1 0.3.28+afca2f3ef4
	   |-- fabric-rendering-fluids-v1 3.0.21+f1e4495bf4
	   |-- fabric-rendering-v0 1.1.41+df3654b3f4
	   |-- fabric-rendering-v1 2.1.1+8f878217f4
	   |-- fabric-resource-conditions-api-v1 2.3.1+e6c7d4eef4
	   |-- fabric-resource-loader-v0 0.11.2+1e1fb126f4
	   |-- fabric-screen-api-v1 1.0.45+8c25edb4f4
	   |-- fabric-screen-handler-api-v1 1.3.20+5da15ca1f4
	   |-- fabric-sound-api-v1 1.0.9+75e98211f4
	   |-- fabric-transfer-api-v1 3.1.1+da9bb835f4
	   \-- fabric-transitive-access-wideners-v1 3.0.3+63b515f4f4
	- fabricloader 0.14.19
	- java 17
	- lithium 0.11.1
	- minecraft 1.19.4
	- starlight 1.1.1+fabric.ae22326
[10:19:39] [main/INFO]: SpongePowered MIXIN Subsystem Version=0.8.5 Source=file:/home/oliverwalton/minecraft-world/libraries/net/fabricmc/sponge-mixin/0.12.4+mixin.0.8.5/sponge-mixin-0.12.4+mixin.0.8.5.jar Service=Knot/Fabric Env=SERVER
[10:19:39] [main/INFO]: Compatibility level set to JAVA_16
[10:19:39] [main/INFO]: Compatibility level set to JAVA_17
[10:19:39] [main/INFO]: Loaded configuration file for Lithium: 114 options available, 0 override(s) found
[10:19:43] [main/INFO]: Environment: authHost='https://authserver.mojang.com', accountsHost='https://api.mojang.com', sessionHost='https://sessionserver.mojang.com', servicesHost='https://api.minecraftservices.com', name='PROD'
[10:19:44] [main/INFO]: Loaded 7 recipes
[10:19:44] [main/INFO]: Loaded 1179 advancements
[10:19:44] [main/INFO]: Applied 0 biome modifications to 0 of 63 new biomes in 1.207 ms
[10:19:44] [Server thread/INFO]: Starting minecraft server version 1.19.4
[10:19:44] [Server thread/INFO]: Loading properties
[10:19:44] [Server thread/INFO]: Default game type: SURVIVAL
[10:19:44] [Server thread/INFO]: Generating keypair
[10:19:44] [Server thread/INFO]: Starting Minecraft server on *:25565
[10:19:44] [Server thread/INFO]: Using epoll channel type
[10:19:44] [Server thread/INFO]: Preparing level "olly"
[10:19:45] [Server thread/INFO]: Preparing start region for dimension minecraft:overworld
[10:19:47] [Worker-Main-14/INFO]: Preparing spawn area: 0%
[10:19:47] [Worker-Main-14/INFO]: Preparing spawn area: 0%
[10:19:47] [Worker-Main-14/INFO]: Preparing spawn area: 0%
[10:19:47] [Worker-Main-14/INFO]: Preparing spawn area: 0%
[10:19:47] [Worker-Main-11/INFO]: Preparing spawn area: 0%
[10:19:47] [Worker-Main-7/INFO]: Preparing spawn area: 63%
[10:19:48] [Server thread/INFO]: Time elapsed: 2661 ms
[10:19:48] [Server thread/INFO]: Done (3.299s)! For help, type "help"
[10:20:33] [User Authenticator #1/INFO]: UUID of player oliveh2003 is 4ed76a30-9605-431e-a5eb-ccc9ad69b9a6
[10:20:33] [Server thread/INFO]: oliveh2003[/127.0.0.1:55998] logged in with entity id 21 at (-446.10814611086084, 71.0, 355.17574114041554)
[10:20:33] [Server thread/INFO]: oliveh2003 joined the game
[10:44:12] [Server thread/INFO]: oliveh2003 lost connection: Disconnected
[10:44:12] [Server thread/INFO]: oliveh2003 left the game
[14:12:12] [User Authenticator #2/INFO]: UUID of player oliveh2003 is 4ed76a30-9605-431e-a5eb-ccc9ad69b9a6
[14:12:12] [Server thread/INFO]: oliveh2003[/127.0.0.1:52040] logged in with entity id 3952 at (-444.58082051508194, 56.0, 339.4596750046785)
[14:12:12] [Server thread/INFO]: oliveh2003 joined the game
[14:38:58] [User Authenticator #3/INFO]: UUID of player Tobywoby08 is 02994294-d4fb-4bf3-ad4f-e758a98b49e5
[14:38:58] [Server thread/INFO]: Tobywoby08[/192.168.1.1:59446] logged in with entity id 8302 at (-463.3555243122258, -54.0, 395.30000001192093)
[14:38:58] [Server thread/INFO]: Tobywoby08 joined the game
[14:39:08] [Server thread/INFO]: Tobywoby08 fell out of the world
[14:39:08] [Server thread/INFO]: [oliveh2003: Killed Tobywoby08]
[14:39:41] [Server thread/INFO]: [oliveh2003: Teleported Tobywoby08 to oliveh2003]
[14:39:41] [Server thread/WARN]: Tobywoby08 moved too quickly! -320.8067919277154,-6.419999986886978,362.8116821566871
[14:39:41] [Server thread/WARN]: Tobywoby08 moved too quickly! -320.8067919277154,-6.419999986886978,362.8116821566871
[14:39:41] [Server thread/WARN]: Tobywoby08 moved too quickly! -320.8067919277154,-6.419999986886978,362.8116821566871
[14:41:24] [Server thread/INFO]: Tobywoby08 lost connection: Disconnected
[14:41:24] [Server thread/INFO]: Tobywoby08 left the game
[14:51:11] [User Authenticator #4/INFO]: UUID of player Tobywoby08 is 02994294-d4fb-4bf3-ad4f-e758a98b49e5
[14:51:11] [Server thread/INFO]: Tobywoby08[/192.168.1.1:50174] logged in with entity id 10885 at (-450.24366192374913, 70.0, 343.5104320019231)
[14:51:11] [Server thread/INFO]: Tobywoby08 joined the game
[15:08:38] [Server thread/INFO]: Tobywoby08 lost connection: Disconnected
[15:08:38] [Server thread/INFO]: Tobywoby08 left the game
[15:33:24] [Server thread/INFO]: oliveh2003 lost connection: Disconnected
[15:33:24] [Server thread/INFO]: oliveh2003 left the game
[17:04:29] [User Authenticator #5/INFO]: UUID of player oliveh2003 is 4ed76a30-9605-431e-a5eb-ccc9ad69b9a6
[17:04:29] [Server thread/INFO]: oliveh2003[/127.0.0.1:58672] logged in with entity id 16255 at (-445.5, 71.0, 343.5)
[17:04:29] [Server thread/INFO]: oliveh2003 joined the game
[17:37:05] [Server thread/INFO]: oliveh2003 lost connection: Disconnected
[17:37:05] [Server thread/INFO]: oliveh2003 left the game
[17:41:20] [User Authenticator #6/INFO]: UUID of player oliveh2003 is 4ed76a30-9605-431e-a5eb-ccc9ad69b9a6
[17:41:21] [Server thread/INFO]: oliveh2003[/127.0.0.1:57566] logged in with entity id 20458 at (-376.17199886008547, 68.5, 349.57323951431334)
[17:41:21] [Server thread/INFO]: oliveh2003 joined the game
[17:48:29] [Server thread/WARN]: Mismatch in destroy block pos: class_2338{x=-377, y=68, z=345} class_2338{x=-378, y=67, z=345}
[18:07:43] [User Authenticator #7/INFO]: UUID of player Tobywoby08 is 02994294-d4fb-4bf3-ad4f-e758a98b49e5
[18:07:43] [Server thread/INFO]: Tobywoby08[/192.168.1.1:50422] logged in with entity id 25053 at (-448.9897472660528, 57.0, 308.70767152736084)
[18:07:43] [Server thread/INFO]: Tobywoby08 joined the game
[18:08:26] [Server thread/INFO]: Tobywoby08 lost connection: Disconnected
[18:08:26] [Server thread/INFO]: Tobywoby08 left the game
[18:09:25] [Server thread/INFO]: oliveh2003 lost connection: Disconnected
[18:09:25] [Server thread/INFO]: oliveh2003 left the game
[18:10:14] [User Authenticator #8/INFO]: UUID of player oliveh2003 is 4ed76a30-9605-431e-a5eb-ccc9ad69b9a6
[18:10:14] [Server thread/INFO]: oliveh2003[/127.0.0.1:40262] logged in with entity id 25359 at (-387.63970016592697, 62.9375, 342.4940117319014)
[18:10:14] [Server thread/INFO]: oliveh2003 joined the game
[18:10:19] [Server thread/INFO]: [oliveh2003: Set own game mode to Creative Mode]
[18:14:11] [Server thread/INFO]: [oliveh2003: Set own game mode to Survival Mode]
